2025-07-25 18:22:02.558 [main] INFO  batch.client.com.trans.sfm.sa.online.Application - Starting Application using Java 1.8.0_191 on jiangliingdeMBP with PID 24172 (/Users/lindaw/Documents/trans-sfm/trans-sfm-client-batch/target/classes started by lindaw in /Users/lindaw/Documents/trans-sfm/trans-sfm-client-batch)
2025-07-25 18:22:02.559 [main] DEBUG batch.client.com.trans.sfm.sa.online.Application - Running with Spring Boot v2.7.0, Spring v5.3.20
2025-07-25 18:22:02.560 [main] INFO  batch.client.com.trans.sfm.sa.online.Application - No active profile set, falling back to 1 default profile: "default"
2025-07-25 18:22:03.352 [main] DEBUG org.mybatis.spring.mapper.ClassPathMapperScanner - Identified candidate component class: file [/Users/lindaw/Documents/trans-sfm/trans-sfm-client-batch/target/classes/com/trans/sfm/client/batch/mapper/UserMapper.class]
2025-07-25 18:22:03.353 [main] DEBUG org.mybatis.spring.mapper.ClassPathMapperScanner - Creating MapperFactoryBean with name 'userMapper' and 'mapper.batch.client.com.trans.sfm.sa.online.UserMapper' mapperInterface
2025-07-25 18:22:03.356 [main] DEBUG org.mybatis.spring.mapper.ClassPathMapperScanner - Enabling autowire by type for MapperFactoryBean with name 'userMapper'.
2025-07-25 18:22:03.777 [main] INFO  o.s.boot.web.embedded.tomcat.TomcatWebServer - Tomcat initialized with port(s): 8080 (http)
2025-07-25 18:22:03.790 [main] INFO  org.apache.coyote.http11.Http11NioProtocol - Initializing ProtocolHandler ["http-nio-8080"]
2025-07-25 18:22:03.791 [main] INFO  org.apache.catalina.core.StandardService - Starting service [Tomcat]
2025-07-25 18:22:03.792 [main] INFO  org.apache.catalina.core.StandardEngine - Starting Servlet engine: [Apache Tomcat/9.0.63]
2025-07-25 18:22:03.905 [main] INFO  o.a.c.core.ContainerBase.[Tomcat].[localhost].[/] - Initializing Spring embedded WebApplicationContext
2025-07-25 18:22:03.905 [main] INFO  o.s.b.w.s.c.ServletWebServerApplicationContext - Root WebApplicationContext: initialization completed in 1279 ms
2025-07-25 18:22:04.377 [main] INFO  c.trans.sfm.client.batch.batch.BatchConfiguration - Creating importUserJob
2025-07-25 18:22:04.379 [main] INFO  c.trans.sfm.client.batch.batch.BatchConfiguration - Creating step1
2025-07-25 18:22:04.385 [main] INFO  c.trans.sfm.client.batch.batch.BatchConfiguration - Creating user data reader
2025-07-25 18:22:04.387 [main] INFO  c.trans.sfm.client.batch.batch.BatchConfiguration - Creating user data processor
2025-07-25 18:22:04.390 [main] INFO  c.trans.sfm.client.batch.batch.BatchConfiguration - Creating user data writer
2025-07-25 18:22:04.445 [main] INFO  com.zaxxer.hikari.HikariDataSource - HikariPool-1 - Starting...
2025-07-25 18:22:04.727 [main] INFO  com.zaxxer.hikari.HikariDataSource - HikariPool-1 - Start completed.
2025-07-25 18:22:05.033 [main] INFO  o.s.b.c.r.support.JobRepositoryFactoryBean - No database type set, using meta data indicating: MYSQL
2025-07-25 18:22:05.053 [main] INFO  o.s.batch.core.launch.support.SimpleJobLauncher - No TaskExecutor has been set, defaulting to synchronous executor.
2025-07-25 18:22:05.111 [main] INFO  org.apache.coyote.http11.Http11NioProtocol - Starting ProtocolHandler ["http-nio-8080"]
2025-07-25 18:22:05.132 [main] INFO  o.s.boot.web.embedded.tomcat.TomcatWebServer - Tomcat started on port(s): 8080 (http) with context path ''
2025-07-25 18:22:05.142 [main] INFO  batch.client.com.trans.sfm.sa.online.Application - Started Application in 3.277 seconds (JVM running for 3.682)
2025-07-25 18:22:05.144 [main] INFO  o.s.b.a.batch.JobLauncherApplicationRunner - Running default command line with: []
2025-07-25 18:22:05.144 [main] DEBUG o.s.b.c.c.a.SimpleBatchConfiguration$ReferenceTargetSource - Initializing lazy target object
2025-07-25 18:22:05.248 [main] DEBUG o.s.b.c.c.a.SimpleBatchConfiguration$ReferenceTargetSource - Initializing lazy target object
2025-07-25 18:22:05.286 [main] INFO  o.s.batch.core.launch.support.SimpleJobLauncher - Job: [FlowJob: [name=importUserJob]] launched with the following parameters: [{}]
2025-07-25 18:22:05.286 [main] DEBUG org.springframework.batch.core.job.AbstractJob - Job execution starting: JobExecution: id=3, version=0, startTime=null, endTime=null, lastUpdated=Fri Jul 25 18:22:05 CST 2025, status=STARTING, exitStatus=exitCode=UNKNOWN;exitDescription=, job=[JobInstance: id=2, version=0, Job=[importUserJob]], jobParameters=[{}]
2025-07-25 18:22:05.317 [main] DEBUG o.s.b.c.c.a.SimpleBatchConfiguration$ReferenceTargetSource - Initializing lazy target object
2025-07-25 18:22:05.324 [main] DEBUG o.s.batch.core.job.flow.support.SimpleFlow - Resuming state=importUserJob.step0 with status=UNKNOWN
2025-07-25 18:22:05.325 [main] DEBUG o.s.batch.core.job.flow.support.SimpleFlow - Handling state=importUserJob.step0
2025-07-25 18:22:05.335 [main] INFO  o.springframework.batch.core.job.SimpleStepHandler - Step already complete or not restartable, so no action to execute: StepExecution: id=2, version=3, name=step1, status=COMPLETED, exitStatus=COMPLETED, readCount=0, filterCount=0, writeCount=0 readSkipCount=0, writeSkipCount=0, processSkipCount=0, commitCount=1, rollbackCount=0, exitDescription=
2025-07-25 18:22:05.336 [main] DEBUG o.s.batch.core.job.flow.support.SimpleFlow - Completed state=importUserJob.step0 with status=COMPLETED
2025-07-25 18:22:05.336 [main] DEBUG o.s.batch.core.job.flow.support.SimpleFlow - Handling state=importUserJob.COMPLETED
2025-07-25 18:22:05.337 [main] DEBUG o.s.batch.core.job.flow.support.SimpleFlow - Completed state=importUserJob.COMPLETED with status=COMPLETED
2025-07-25 18:22:05.338 [main] DEBUG org.springframework.batch.core.job.AbstractJob - Job execution complete: JobExecution: id=3, version=1, startTime=Fri Jul 25 18:22:05 CST 2025, endTime=null, lastUpdated=Fri Jul 25 18:22:05 CST 2025, status=COMPLETED, exitStatus=exitCode=COMPLETED;exitDescription=, job=[JobInstance: id=2, version=0, Job=[importUserJob]], jobParameters=[{}]
2025-07-25 18:22:05.346 [main] INFO  o.s.batch.core.launch.support.SimpleJobLauncher - Job: [FlowJob: [name=importUserJob]] completed with the following parameters: [{}] and the following status: [COMPLETED] in 25ms
2025-07-25 18:22:05.347 [main] INFO  batch.batch.client.com.trans.sfm.sa.online.JobRunner - Starting batch job...
2025-07-25 18:22:05.366 [main] INFO  o.s.batch.core.launch.support.SimpleJobLauncher - Job: [FlowJob: [name=importUserJob]] launched with the following parameters: [{}]
2025-07-25 18:22:05.366 [main] DEBUG org.springframework.batch.core.job.AbstractJob - Job execution starting: JobExecution: id=4, version=0, startTime=null, endTime=null, lastUpdated=Fri Jul 25 18:22:05 CST 2025, status=STARTING, exitStatus=exitCode=UNKNOWN;exitDescription=, job=[JobInstance: id=2, version=0, Job=[importUserJob]], jobParameters=[{}]
2025-07-25 18:22:05.370 [main] DEBUG o.s.batch.core.job.flow.support.SimpleFlow - Resuming state=importUserJob.step0 with status=UNKNOWN
2025-07-25 18:22:05.370 [main] DEBUG o.s.batch.core.job.flow.support.SimpleFlow - Handling state=importUserJob.step0
2025-07-25 18:22:05.375 [main] INFO  o.springframework.batch.core.job.SimpleStepHandler - Step already complete or not restartable, so no action to execute: StepExecution: id=2, version=3, name=step1, status=COMPLETED, exitStatus=COMPLETED, readCount=0, filterCount=0, writeCount=0 readSkipCount=0, writeSkipCount=0, processSkipCount=0, commitCount=1, rollbackCount=0, exitDescription=
2025-07-25 18:22:05.375 [main] DEBUG o.s.batch.core.job.flow.support.SimpleFlow - Completed state=importUserJob.step0 with status=COMPLETED
2025-07-25 18:22:05.375 [main] DEBUG o.s.batch.core.job.flow.support.SimpleFlow - Handling state=importUserJob.COMPLETED
2025-07-25 18:22:05.375 [main] DEBUG o.s.batch.core.job.flow.support.SimpleFlow - Completed state=importUserJob.COMPLETED with status=COMPLETED
2025-07-25 18:22:05.376 [main] DEBUG org.springframework.batch.core.job.AbstractJob - Job execution complete: JobExecution: id=4, version=1, startTime=Fri Jul 25 18:22:05 CST 2025, endTime=null, lastUpdated=Fri Jul 25 18:22:05 CST 2025, status=COMPLETED, exitStatus=exitCode=COMPLETED;exitDescription=, job=[JobInstance: id=2, version=0, Job=[importUserJob]], jobParameters=[{}]
2025-07-25 18:22:05.381 [main] INFO  o.s.batch.core.launch.support.SimpleJobLauncher - Job: [FlowJob: [name=importUserJob]] completed with the following parameters: [{}] and the following status: [COMPLETED] in 10ms
2025-07-25 18:22:05.381 [main] INFO  batch.batch.client.com.trans.sfm.sa.online.JobRunner - Batch job completed.
2025-07-25 18:22:05.382 [main] INFO  batch.client.com.trans.sfm.sa.online.Application - trans-sfm-client-batch application started successfully.
2025-07-25 18:23:05.269 [SpringApplicationShutdownHook] INFO  com.zaxxer.hikari.HikariDataSource - HikariPool-1 - Shutdown initiated...
2025-07-25 18:23:05.276 [SpringApplicationShutdownHook] INFO  com.zaxxer.hikari.HikariDataSource - HikariPool-1 - Shutdown completed.
2025-07-25 18:25:22.455 [main] INFO  batch.client.com.trans.sfm.sa.online.ApplicationTest - Starting ApplicationTest using Java 1.8.0_191 on jiangliingdeMBP with PID 24936 (started by lindaw in /Users/lindaw/Documents/trans-sfm/trans-sfm-client-batch)
2025-07-25 18:25:22.456 [main] DEBUG batch.client.com.trans.sfm.sa.online.ApplicationTest - Running with Spring Boot v2.7.0, Spring v5.3.20
2025-07-25 18:25:22.457 [main] INFO  batch.client.com.trans.sfm.sa.online.ApplicationTest - No active profile set, falling back to 1 default profile: "default"
2025-07-25 18:25:23.551 [main] DEBUG org.mybatis.spring.mapper.ClassPathMapperScanner - Identified candidate component class: file [/Users/lindaw/Documents/trans-sfm/trans-sfm-client-batch/target/classes/com/trans/sfm/client/batch/mapper/UserMapper.class]
2025-07-25 18:25:23.552 [main] DEBUG org.mybatis.spring.mapper.ClassPathMapperScanner - Creating MapperFactoryBean with name 'userMapper' and 'mapper.batch.client.com.trans.sfm.sa.online.UserMapper' mapperInterface
2025-07-25 18:25:23.557 [main] DEBUG org.mybatis.spring.mapper.ClassPathMapperScanner - Enabling autowire by type for MapperFactoryBean with name 'userMapper'.
2025-07-25 18:25:24.938 [main] INFO  c.trans.sfm.client.batch.batch.BatchConfiguration - Creating importUserJob
2025-07-25 18:25:24.941 [main] INFO  c.trans.sfm.client.batch.batch.BatchConfiguration - Creating step1
2025-07-25 18:25:24.955 [main] INFO  c.trans.sfm.client.batch.batch.BatchConfiguration - Creating user data reader
2025-07-25 18:25:24.963 [main] INFO  c.trans.sfm.client.batch.batch.BatchConfiguration - Creating user data processor
2025-07-25 18:25:24.967 [main] INFO  c.trans.sfm.client.batch.batch.BatchConfiguration - Creating user data writer
2025-07-25 18:25:25.070 [main] INFO  com.zaxxer.hikari.HikariDataSource - HikariPool-1 - Starting...
2025-07-25 18:25:25.519 [main] INFO  com.zaxxer.hikari.HikariDataSource - HikariPool-1 - Start completed.
2025-07-25 18:25:26.605 [main] INFO  o.s.b.c.r.support.JobRepositoryFactoryBean - No database type set, using meta data indicating: MYSQL
2025-07-25 18:25:26.640 [main] INFO  o.s.batch.core.launch.support.SimpleJobLauncher - No TaskExecutor has been set, defaulting to synchronous executor.
2025-07-25 18:25:26.816 [main] INFO  batch.client.com.trans.sfm.sa.online.ApplicationTest - Started ApplicationTest in 5.06 seconds (JVM running for 6.542)
2025-07-25 18:25:26.821 [main] INFO  o.s.b.a.batch.JobLauncherApplicationRunner - Running default command line with: []
2025-07-25 18:25:26.822 [main] DEBUG o.s.b.c.c.a.SimpleBatchConfiguration$ReferenceTargetSource - Initializing lazy target object
2025-07-25 18:25:27.034 [main] DEBUG o.s.b.c.c.a.SimpleBatchConfiguration$ReferenceTargetSource - Initializing lazy target object
2025-07-25 18:25:27.107 [main] INFO  o.s.batch.core.launch.support.SimpleJobLauncher - Job: [FlowJob: [name=importUserJob]] launched with the following parameters: [{}]
2025-07-25 18:25:27.108 [main] DEBUG org.springframework.batch.core.job.AbstractJob - Job execution starting: JobExecution: id=5, version=0, startTime=null, endTime=null, lastUpdated=Fri Jul 25 18:25:27 CST 2025, status=STARTING, exitStatus=exitCode=UNKNOWN;exitDescription=, job=[JobInstance: id=2, version=0, Job=[importUserJob]], jobParameters=[{}]
2025-07-25 18:25:27.150 [main] DEBUG o.s.b.c.c.a.SimpleBatchConfiguration$ReferenceTargetSource - Initializing lazy target object
2025-07-25 18:25:27.165 [main] DEBUG o.s.batch.core.job.flow.support.SimpleFlow - Resuming state=importUserJob.step0 with status=UNKNOWN
2025-07-25 18:25:27.171 [main] DEBUG o.s.batch.core.job.flow.support.SimpleFlow - Handling state=importUserJob.step0
2025-07-25 18:25:27.205 [main] INFO  o.springframework.batch.core.job.SimpleStepHandler - Step already complete or not restartable, so no action to execute: StepExecution: id=2, version=3, name=step1, status=COMPLETED, exitStatus=COMPLETED, readCount=0, filterCount=0, writeCount=0 readSkipCount=0, writeSkipCount=0, processSkipCount=0, commitCount=1, rollbackCount=0, exitDescription=
2025-07-25 18:25:27.207 [main] DEBUG o.s.batch.core.job.flow.support.SimpleFlow - Completed state=importUserJob.step0 with status=COMPLETED
2025-07-25 18:25:27.210 [main] DEBUG o.s.batch.core.job.flow.support.SimpleFlow - Handling state=importUserJob.COMPLETED
2025-07-25 18:25:27.212 [main] DEBUG o.s.batch.core.job.flow.support.SimpleFlow - Completed state=importUserJob.COMPLETED with status=COMPLETED
2025-07-25 18:25:27.215 [main] DEBUG org.springframework.batch.core.job.AbstractJob - Job execution complete: JobExecution: id=5, version=1, startTime=Fri Jul 25 18:25:27 CST 2025, endTime=null, lastUpdated=Fri Jul 25 18:25:27 CST 2025, status=COMPLETED, exitStatus=exitCode=COMPLETED;exitDescription=, job=[JobInstance: id=2, version=0, Job=[importUserJob]], jobParameters=[{}]
2025-07-25 18:25:27.250 [main] INFO  o.s.batch.core.launch.support.SimpleJobLauncher - Job: [FlowJob: [name=importUserJob]] completed with the following parameters: [{}] and the following status: [COMPLETED] in 83ms
2025-07-25 18:25:27.253 [main] INFO  batch.batch.client.com.trans.sfm.sa.online.JobRunner - Starting batch job...
2025-07-25 18:25:27.287 [main] INFO  o.s.batch.core.launch.support.SimpleJobLauncher - Job: [FlowJob: [name=importUserJob]] launched with the following parameters: [{}]
2025-07-25 18:25:27.289 [main] DEBUG org.springframework.batch.core.job.AbstractJob - Job execution starting: JobExecution: id=6, version=0, startTime=null, endTime=null, lastUpdated=Fri Jul 25 18:25:27 CST 2025, status=STARTING, exitStatus=exitCode=UNKNOWN;exitDescription=, job=[JobInstance: id=2, version=0, Job=[importUserJob]], jobParameters=[{}]
2025-07-25 18:25:27.299 [main] DEBUG o.s.batch.core.job.flow.support.SimpleFlow - Resuming state=importUserJob.step0 with status=UNKNOWN
2025-07-25 18:25:27.303 [main] DEBUG o.s.batch.core.job.flow.support.SimpleFlow - Handling state=importUserJob.step0
2025-07-25 18:25:27.324 [main] INFO  o.springframework.batch.core.job.SimpleStepHandler - Step already complete or not restartable, so no action to execute: StepExecution: id=2, version=3, name=step1, status=COMPLETED, exitStatus=COMPLETED, readCount=0, filterCount=0, writeCount=0 readSkipCount=0, writeSkipCount=0, processSkipCount=0, commitCount=1, rollbackCount=0, exitDescription=
2025-07-25 18:25:27.326 [main] DEBUG o.s.batch.core.job.flow.support.SimpleFlow - Completed state=importUserJob.step0 with status=COMPLETED
2025-07-25 18:25:27.327 [main] DEBUG o.s.batch.core.job.flow.support.SimpleFlow - Handling state=importUserJob.COMPLETED
2025-07-25 18:25:27.327 [main] DEBUG o.s.batch.core.job.flow.support.SimpleFlow - Completed state=importUserJob.COMPLETED with status=COMPLETED
2025-07-25 18:25:27.331 [main] DEBUG org.springframework.batch.core.job.AbstractJob - Job execution complete: JobExecution: id=6, version=1, startTime=Fri Jul 25 18:25:27 CST 2025, endTime=null, lastUpdated=Fri Jul 25 18:25:27 CST 2025, status=COMPLETED, exitStatus=exitCode=COMPLETED;exitDescription=, job=[JobInstance: id=2, version=0, Job=[importUserJob]], jobParameters=[{}]
2025-07-25 18:25:27.336 [main] INFO  o.s.batch.core.launch.support.SimpleJobLauncher - Job: [FlowJob: [name=importUserJob]] completed with the following parameters: [{}] and the following status: [COMPLETED] in 40ms
2025-07-25 18:25:27.336 [main] INFO  batch.batch.client.com.trans.sfm.sa.online.JobRunner - Batch job completed.
2025-07-25 18:25:27.759 [main] DEBUG o.s.b.c.c.a.SimpleBatchConfiguration$ReferenceTargetSource - Initializing lazy target object
2025-07-25 18:25:27.760 [main] DEBUG o.s.b.c.c.a.SimpleBatchConfiguration$ReferenceTargetSource - Initializing lazy target object
2025-07-25 18:25:27.760 [main] DEBUG o.s.b.c.c.a.SimpleBatchConfiguration$ReferenceTargetSource - Initializing lazy target object
2025-07-25 18:25:27.809 [main] INFO  o.s.b.t.context.SpringBootTestContextBootstrapper - Neither @ContextConfiguration nor @ContextHierarchy found for test class [batch.client.com.trans.sfm.sa.online.DatabaseConnectionTest], using SpringBootContextLoader
2025-07-25 18:25:27.810 [main] INFO  o.s.test.context.support.AbstractContextLoader - Could not detect default resource locations for test class [batch.client.com.trans.sfm.sa.online.DatabaseConnectionTest]: no resource found for suffixes {-context.xml, Context.groovy}.
2025-07-25 18:25:27.845 [main] INFO  o.s.t.c.support.AnnotationConfigContextLoaderUtils - Could not detect default configuration classes for test class [batch.client.com.trans.sfm.sa.online.DatabaseConnectionTest]: DatabaseConnectionTest does not declare any static, non-private, non-final, nested classes annotated with @Configuration.
2025-07-25 18:25:27.863 [main] INFO  o.s.b.t.context.SpringBootTestContextBootstrapper - Found @SpringBootConfiguration batch.client.com.trans.sfm.sa.online.Application for test class batch.client.com.trans.sfm.sa.online.DatabaseConnectionTest
2025-07-25 18:25:27.866 [main] INFO  o.s.b.t.context.SpringBootTestContextBootstrapper - Loaded default TestExecutionListener class names from location [META-INF/spring.factories]: [org.springframework.boot.test.mock.mockito.MockitoTestExecutionListener, org.springframework.boot.test.mock.mockito.ResetMocksTestExecutionListener, org.springframework.boot.test.autoconfigure.restdocs.RestDocsTestExecutionListener, org.springframework.boot.test.autoconfigure.web.client.MockRestServiceServerResetTestExecutionListener, org.springframework.boot.test.autoconfigure.web.servlet.MockMvcPrintOnlyOnFailureTestExecutionListener, org.springframework.boot.test.autoconfigure.web.servlet.WebDriverTestExecutionListener, org.springframework.boot.test.autoconfigure.webservices.client.MockWebServiceServerTestExecutionListener, org.springframework.test.context.web.ServletTestExecutionListener, org.springframework.test.context.support.DirtiesContextBeforeModesTestExecutionListener, org.springframework.test.context.event.ApplicationEventsTestExecutionListener, org.springframework.test.context.support.DependencyInjectionTestExecutionListener, org.springframework.test.context.support.DirtiesContextTestExecutionListener, org.springframework.test.context.transaction.TransactionalTestExecutionListener, org.springframework.test.context.jdbc.SqlScriptsTestExecutionListener, org.springframework.test.context.event.EventPublishingTestExecutionListener]
2025-07-25 18:25:27.867 [main] INFO  o.s.b.t.context.SpringBootTestContextBootstrapper - Using TestExecutionListeners: [org.springframework.test.context.web.ServletTestExecutionListener@46a795de, org.springframework.test.context.support.DirtiesContextBeforeModesTestExecutionListener@256a0d95, org.springframework.test.context.event.ApplicationEventsTestExecutionListener@2f3928ac, org.springframework.boot.test.mock.mockito.MockitoTestExecutionListener@4bf03fee, org.springframework.boot.test.autoconfigure.SpringBootDependencyInjectionTestExecutionListener@31834a2b, org.springframework.test.context.support.DirtiesContextTestExecutionListener@44f0ff2b, org.springframework.test.context.transaction.TransactionalTestExecutionListener@22ead351, org.springframework.test.context.jdbc.SqlScriptsTestExecutionListener@68af87ad, org.springframework.test.context.event.EventPublishingTestExecutionListener@43d65a81, org.springframework.boot.test.mock.mockito.ResetMocksTestExecutionListener@9cfc77, org.springframework.boot.test.autoconfigure.restdocs.RestDocsTestExecutionListener@7418d76e, org.springframework.boot.test.autoconfigure.web.client.MockRestServiceServerResetTestExecutionListener@601eb4af, org.springframework.boot.test.autoconfigure.web.servlet.MockMvcPrintOnlyOnFailureTestExecutionListener@11ede87f, org.springframework.boot.test.autoconfigure.web.servlet.WebDriverTestExecutionListener@7675c171, org.springframework.boot.test.autoconfigure.webservices.client.MockWebServiceServerTestExecutionListener@44e4cb76]
2025-07-25 18:25:27.891 [main] INFO  o.s.b.t.context.SpringBootTestContextBootstrapper - Neither @ContextConfiguration nor @ContextHierarchy found for test class [service.batch.client.com.trans.sfm.sa.online.UserServiceTest], using SpringBootContextLoader
2025-07-25 18:25:27.896 [main] INFO  o.s.test.context.support.AbstractContextLoader - Could not detect default resource locations for test class [service.batch.client.com.trans.sfm.sa.online.UserServiceTest]: no resource found for suffixes {-context.xml, Context.groovy}.
2025-07-25 18:25:27.897 [main] INFO  o.s.t.c.support.AnnotationConfigContextLoaderUtils - Could not detect default configuration classes for test class [service.batch.client.com.trans.sfm.sa.online.UserServiceTest]: UserServiceTest does not declare any static, non-private, non-final, nested classes annotated with @Configuration.
2025-07-25 18:25:27.921 [main] INFO  o.s.b.t.context.SpringBootTestContextBootstrapper - Found @SpringBootConfiguration batch.client.com.trans.sfm.sa.online.Application for test class service.batch.client.com.trans.sfm.sa.online.UserServiceTest
2025-07-25 18:25:27.932 [main] INFO  o.s.b.t.context.SpringBootTestContextBootstrapper - Loaded default TestExecutionListener class names from location [META-INF/spring.factories]: [org.springframework.boot.test.mock.mockito.MockitoTestExecutionListener, org.springframework.boot.test.mock.mockito.ResetMocksTestExecutionListener, org.springframework.boot.test.autoconfigure.restdocs.RestDocsTestExecutionListener, org.springframework.boot.test.autoconfigure.web.client.MockRestServiceServerResetTestExecutionListener, org.springframework.boot.test.autoconfigure.web.servlet.MockMvcPrintOnlyOnFailureTestExecutionListener, org.springframework.boot.test.autoconfigure.web.servlet.WebDriverTestExecutionListener, org.springframework.boot.test.autoconfigure.webservices.client.MockWebServiceServerTestExecutionListener, org.springframework.test.context.web.ServletTestExecutionListener, org.springframework.test.context.support.DirtiesContextBeforeModesTestExecutionListener, org.springframework.test.context.event.ApplicationEventsTestExecutionListener, org.springframework.test.context.support.DependencyInjectionTestExecutionListener, org.springframework.test.context.support.DirtiesContextTestExecutionListener, org.springframework.test.context.transaction.TransactionalTestExecutionListener, org.springframework.test.context.jdbc.SqlScriptsTestExecutionListener, org.springframework.test.context.event.EventPublishingTestExecutionListener]
2025-07-25 18:25:27.943 [main] INFO  o.s.b.t.context.SpringBootTestContextBootstrapper - Using TestExecutionListeners: [org.springframework.test.context.web.ServletTestExecutionListener@79957f11, org.springframework.test.context.support.DirtiesContextBeforeModesTestExecutionListener@217235f5, org.springframework.test.context.event.ApplicationEventsTestExecutionListener@4b41587d, org.springframework.boot.test.mock.mockito.MockitoTestExecutionListener@4aebee4b, org.springframework.boot.test.autoconfigure.SpringBootDependencyInjectionTestExecutionListener@18d47df0, org.springframework.test.context.support.DirtiesContextTestExecutionListener@28393e82, org.springframework.test.context.transaction.TransactionalTestExecutionListener@697a0948, org.springframework.test.context.jdbc.SqlScriptsTestExecutionListener@7cf63b9a, org.springframework.test.context.event.EventPublishingTestExecutionListener@4776e209, org.springframework.boot.test.mock.mockito.ResetMocksTestExecutionListener@265a094b, org.springframework.boot.test.autoconfigure.restdocs.RestDocsTestExecutionListener@1f536481, org.springframework.boot.test.autoconfigure.web.client.MockRestServiceServerResetTestExecutionListener@5234b61a, org.springframework.boot.test.autoconfigure.web.servlet.MockMvcPrintOnlyOnFailureTestExecutionListener@22a260ff, org.springframework.boot.test.autoconfigure.web.servlet.WebDriverTestExecutionListener@54c425b1, org.springframework.boot.test.autoconfigure.webservices.client.MockWebServiceServerTestExecutionListener@50b734c4]
2025-07-25 18:25:28.241 [SpringApplicationShutdownHook] INFO  com.zaxxer.hikari.HikariDataSource - HikariPool-1 - Shutdown initiated...
2025-07-25 18:25:28.257 [SpringApplicationShutdownHook] INFO  com.zaxxer.hikari.HikariDataSource - HikariPool-1 - Shutdown completed.
